
Run     SWR     Gain    F/B     F/R     R-a     X-a     Eff.    %Res.   %Stp  A       G       B       C       TL      

1-0     26.138  -12.77  0       -20.04  254.17  -515.3  100     0    	0    	0.1562  2.e-3   0.8452  0.3218  0.065   
1       26.064  -12.92  0       -20.16  255.65  -515.6  99.7    -0.45	0.1  	0.1564  2.e-3   0.8452  0.3218  0.065   
1       26.139  -12.77  0       -20.04  254.17  -515.3  100     -6e-4	0.1  	0.1562  2.e-3   0.8452  0.3218  0.065   
1       26.217  -13.18  0       -20.41  256.68  -518.2  99.58   -0.97	0.1  	0.1562  2.e-3   0.8461  0.3218  0.065   
1       26.153  -12.31  0       -19.66  255.03  -516.2  100.9   -0.38	0.1  	0.1562  2.e-3   0.8452  0.3221  0.065   
1       26.075  -12.8   0       -20.07  255.48  -515.6  100     -0.01	0.1  	0.1562  2.e-3   0.8452  0.3218  0.065   
1-1                                                                           -1.234  -2.e-3  -2.669  -1.061  -0.034  

1-2     27.298  -8.64   0       -16.27  202.04  -482.5  107     -2.35	0.553	0.1551  2.e-3   0.8327  0.3199  0.065   
2       26.064  -12.92  0       -20.16  255.65  -515.6  99.7    -0.45	0.1  	0.1564  2.e-3   0.8452  0.3218  0.065   
2       26.139  -12.77  0       -20.04  254.17  -515.3  100     -6e-4	0.1  	0.1562  2.e-3   0.8452  0.3218  0.065   
2       26.217  -13.18  0       -20.41  256.68  -518.2  99.58   -0.97	0.1  	0.1562  2.e-3   0.8461  0.3218  0.065   
2       26.153  -12.31  0       -19.66  255.03  -516.2  100.9   -0.38	0.1  	0.1562  2.e-3   0.8452  0.3221  0.065   
2       26.075  -12.8   0       -20.07  255.48  -515.6  100     -0.01	0.1  	0.1562  2.e-3   0.8452  0.3218  0.065   
2-1                                                                           -1.234  -2.e-3  -2.669  -1.061  -0.034  

2-2     26.098  -11.88  0       -19.21  243.49  -506.4  100.9   0.264	0.111	0.156   2.e-3   0.8427  0.3214  0.065   
2-3     26.218  -11.02  0       -18.42  232.73  -498.9  102     -0.08	0.111	0.1558  2.e-3   0.8402  0.321   0.065   
3       26.112  -11.16  0       -18.53  234.23  -498.9  101.6   0.295	0.1  	0.1559  2.e-3   0.8402  0.321   0.065   
3       26.219  -11.02  0       -18.42  232.72  -498.9  102     -6e-4	0.1  	0.1558  2.e-3   0.8402  0.321   0.065   
3       26.212  -11.42  0       -18.78  235.31  -501    101.3   0.237	0.1  	0.1558  2.e-3   0.8411  0.321   0.065   
3       26.213  -10.56  0       -18.04  233.5   -499.5  103.1   -0.6 	0.1  	0.1558  2.e-3   0.8402  0.3214  0.065   
3       26.127  -11.04  0       -18.44  234.02  -498.9  101.9   0.119	0.1  	0.1558  2.e-3   0.8402  0.321   0.065   
3-1                                                                           1.1739  -2.e-3  0.9436  -2.407  0.4731  

3-2     26.065  -12.82  0       -19.91  235.5   -499.4  98.41   -1.57	0.111	0.156   2.e-3   0.8411  0.3202  0.065   
4       26.194  -11.05  0       -18.44  233.07  -498.9  101.9   0.078	0.022	0.1558  2.e-3   0.8402  0.321   0.065   
4       26.218  -11.02  0       -18.42  232.73  -498.9  102     0    	0.022	0.1558  2.e-3   0.8402  0.321   0.065   
4       26.216  -11.1   0       -18.49  233.3   -499.3  101.8   0.109	0.022	0.1558  2.e-3   0.8404  0.321   0.065   
4       26.217  -10.91  0       -18.33  232.91  -499    102.2   -0.08	0.022	0.1558  2.e-3   0.8402  0.3211  0.065   
4       26.197  -11.02  0       -18.42  233.03  -498.9  101.9   0.111	0.022	0.1558  2.e-3   0.8402  0.321   0.065   
4-1                                                                           1.0355  0       1.4358  -1.058  1.4708  

4-2     26.163  -11.29  0       -18.65  234.12  -499.4  101.4   0.323	0.022	0.1558  2.e-3   0.8405  0.321   0.065   
4-3     26.112  -11.57  0       -18.89  235.49  -499.9  100.9   0.204	0.022	0.1559  2.e-3   0.8408  0.3209  0.065   
4-4     26.061  -11.84  0       -19.12  236.88  -500.5  100.4   0.211	0.022	0.1559  2.e-3   0.841   0.3208  0.065   
4-5     26.015  -12.12  0       -19.36  238.24  -501.1  99.92   0.013	0.022	0.1559  2.e-3   0.8413  0.3207  0.0651  
4-6     25.971  -12.39  0       -19.59  239.59  -501.7  99.47   -0.75	0.022	0.156   2.e-3   0.8416  0.3207  0.0651  
5       26.01   -12.12  0       -19.36  238.3   -501.1  99.9    -0.02	4.e-3	0.1559  2.e-3   0.8413  0.3207  0.0651  
5       26.015  -12.12  0       -19.36  238.24  -501.1  99.92   0    	4.e-3	0.1559  2.e-3   0.8413  0.3207  0.0651  
5       26.015  -12.14  0       -19.38  238.35  -501.2  99.9    -0.04	4.e-3	0.1559  2.e-3   0.8413  0.3207  0.0651  
5       26.014  -12.1   0       -19.34  238.28  -501.1  99.96   0.063	4.e-3	0.1559  2.e-3   0.8413  0.3207  0.0651  
5       26.011  -12.12  0       -19.36  238.3   -501.1  99.92   2.e-3	4.e-3	0.1559  2.e-3   0.8413  0.3207  0.0651  
5-1                                                                           -0.715  0       -1.747  2.4727  0.066   

5-2     26.016  -12.03  0       -19.28  238.09  -501    100.1   0.084	4.e-3	0.1559  2.e-3   0.8412  0.3208  0.0651  
